Starting audit...
[ERROR] D:\20186064-ADS_1\ADS-1_Assignments\m112\Assignment-1\Student.java:0: File does not end with a newline. [NewlineAtEndOfFile]
[ERROR] D:\20186064-ADS_1\ADS-1_Assignments\m112\Assignment-1\Student.java:1: Missing a Javadoc comment. [JavadocType]
[ERROR] D:\20186064-ADS_1\ADS-1_Assignments\m112\Assignment-1\Student.java:2:5: Missing a Javadoc comment. [JavadocVariable]
[ERROR] D:\20186064-ADS_1\ADS-1_Assignments\m112\Assignment-1\Student.java:2:12: Variable 'name' must be private and have accessor methods. [VisibilityModifier]
[ERROR] D:\20186064-ADS_1\ADS-1_Assignments\m112\Assignment-1\Student.java:3:5: Missing a Javadoc comment. [JavadocVariable]
[ERROR] D:\20186064-ADS_1\ADS-1_Assignments\m112\Assignment-1\Student.java:3:12: Variable 'dateofbirth' must be private and have accessor methods. [VisibilityModifier]
[ERROR] D:\20186064-ADS_1\ADS-1_Assignments\m112\Assignment-1\Student.java:4:5: Missing a Javadoc comment. [JavadocVariable]
[ERROR] D:\20186064-ADS_1\ADS-1_Assignments\m112\Assignment-1\Student.java:4:9: Variable 'subject1' must be private and have accessor methods. [VisibilityModifier]
[ERROR] D:\20186064-ADS_1\ADS-1_Assignments\m112\Assignment-1\Student.java:5:5: Missing a Javadoc comment. [JavadocVariable]
[ERROR] D:\20186064-ADS_1\ADS-1_Assignments\m112\Assignment-1\Student.java:5:9: Variable 'subject2' must be private and have accessor methods. [VisibilityModifier]
[ERROR] D:\20186064-ADS_1\ADS-1_Assignments\m112\Assignment-1\Student.java:6:5: Missing a Javadoc comment. [JavadocVariable]
[ERROR] D:\20186064-ADS_1\ADS-1_Assignments\m112\Assignment-1\Student.java:6:9: Variable 'subject3' must be private and have accessor methods. [VisibilityModifier]
[ERROR] D:\20186064-ADS_1\ADS-1_Assignments\m112\Assignment-1\Student.java:7:5: Missing a Javadoc comment. [JavadocVariable]
[ERROR] D:\20186064-ADS_1\ADS-1_Assignments\m112\Assignment-1\Student.java:7:9: Variable 'totalmarks' must be private and have accessor methods. [VisibilityModifier]
[ERROR] D:\20186064-ADS_1\ADS-1_Assignments\m112\Assignment-1\Student.java:8:5: Missing a Javadoc comment. [JavadocVariable]
[ERROR] D:\20186064-ADS_1\ADS-1_Assignments\m112\Assignment-1\Student.java:8:12: Variable 'reservation' must be private and have accessor methods. [VisibilityModifier]
[ERROR] D:\20186064-ADS_1\ADS-1_Assignments\m112\Assignment-1\Student.java:9: Line is longer than 80 characters (found 86). [LineLength]
[ERROR] D:\20186064-ADS_1\ADS-1_Assignments\m112\Assignment-1\Student.java:9:5: Missing a Javadoc comment. [JavadocMethod]
[ERROR] D:\20186064-ADS_1\ADS-1_Assignments\m112\Assignment-1\Student.java:9:13: Parameter nm should be final. [FinalParameters]
[ERROR] D:\20186064-ADS_1\ADS-1_Assignments\m112\Assignment-1\Student.java:9:24: Parameter dob should be final. [FinalParameters]
[ERROR] D:\20186064-ADS_1\ADS-1_Assignments\m112\Assignment-1\Student.java:9:36: Parameter sub1 should be final. [FinalParameters]
[ERROR] D:\20186064-ADS_1\ADS-1_Assignments\m112\Assignment-1\Student.java:9:46: Parameter sub2 should be final. [FinalParameters]
[ERROR] D:\20186064-ADS_1\ADS-1_Assignments\m112\Assignment-1\Student.java:9:56: Parameter sub3 should be final. [FinalParameters]
[ERROR] D:\20186064-ADS_1\ADS-1_Assignments\m112\Assignment-1\Student.java:9:65: ',' is not followed by whitespace. [WhitespaceAfter]
[ERROR] D:\20186064-ADS_1\ADS-1_Assignments\m112\Assignment-1\Student.java:9:65: Parameter tma should be final. [FinalParameters]
[ERROR] D:\20186064-ADS_1\ADS-1_Assignments\m112\Assignment-1\Student.java:9:74: Parameter res should be final. [FinalParameters]
[ERROR] D:\20186064-ADS_1\ADS-1_Assignments\m112\Assignment-1\Student.java:18:5: Class 'Student' looks like designed for extension (can be subclassed), but the method 'toString' does not have javadoc that explains how to do that safely. If class is not designed for extension consider making the class 'Student' final or making the method 'toString' static/final/abstract/empty, or adding allowed annotation for the method. [DesignForExtension]
[ERROR] D:\20186064-ADS_1\ADS-1_Assignments\m112\Assignment-1\Student.java:18:5: Missing a Javadoc comment. [JavadocMethod]
[ERROR] D:\20186064-ADS_1\ADS-1_Assignments\m112\Assignment-1\Student.java:21:5: Class 'Student' looks like designed for extension (can be subclassed), but the method 'getdateofbirth' does not have javadoc that explains how to do that safely. If class is not designed for extension consider making the class 'Student' final or making the method 'getdateofbirth' static/final/abstract/empty, or adding allowed annotation for the method. [DesignForExtension]
[ERROR] D:\20186064-ADS_1\ADS-1_Assignments\m112\Assignment-1\Student.java:21:5: Missing a Javadoc comment. [JavadocMethod]
[ERROR] D:\20186064-ADS_1\ADS-1_Assignments\m112\Assignment-1\Student.java:24:5: Class 'Student' looks like designed for extension (can be subclassed), but the method 'getSub1' does not have javadoc that explains how to do that safely. If class is not designed for extension consider making the class 'Student' final or making the method 'getSub1' static/final/abstract/empty, or adding allowed annotation for the method. [DesignForExtension]
[ERROR] D:\20186064-ADS_1\ADS-1_Assignments\m112\Assignment-1\Student.java:24:5: Missing a Javadoc comment. [JavadocMethod]
[ERROR] D:\20186064-ADS_1\ADS-1_Assignments\m112\Assignment-1\Student.java:28:5: Class 'Student' looks like designed for extension (can be subclassed), but the method 'getSub2' does not have javadoc that explains how to do that safely. If class is not designed for extension consider making the class 'Student' final or making the method 'getSub2' static/final/abstract/empty, or adding allowed annotation for the method. [DesignForExtension]
[ERROR] D:\20186064-ADS_1\ADS-1_Assignments\m112\Assignment-1\Student.java:28:5: Missing a Javadoc comment. [JavadocMethod]
[ERROR] D:\20186064-ADS_1\ADS-1_Assignments\m112\Assignment-1\Student.java:31:5: Class 'Student' looks like designed for extension (can be subclassed), but the method 'getSub3' does not have javadoc that explains how to do that safely. If class is not designed for extension consider making the class 'Student' final or making the method 'getSub3' static/final/abstract/empty, or adding allowed annotation for the method. [DesignForExtension]
[ERROR] D:\20186064-ADS_1\ADS-1_Assignments\m112\Assignment-1\Student.java:31:5: Missing a Javadoc comment. [JavadocMethod]
[ERROR] D:\20186064-ADS_1\ADS-1_Assignments\m112\Assignment-1\Student.java:34:5: Class 'Student' looks like designed for extension (can be subclassed), but the method 'getTotal' does not have javadoc that explains how to do that safely. If class is not designed for extension consider making the class 'Student' final or making the method 'getTotal' static/final/abstract/empty, or adding allowed annotation for the method. [DesignForExtension]
[ERROR] D:\20186064-ADS_1\ADS-1_Assignments\m112\Assignment-1\Student.java:34:5: Missing a Javadoc comment. [JavadocMethod]
[ERROR] D:\20186064-ADS_1\ADS-1_Assignments\m112\Assignment-1\Student.java:37:5: Class 'Student' looks like designed for extension (can be subclassed), but the method 'getRes' does not have javadoc that explains how to do that safely. If class is not designed for extension consider making the class 'Student' final or making the method 'getRes' static/final/abstract/empty, or adding allowed annotation for the method. [DesignForExtension]
[ERROR] D:\20186064-ADS_1\ADS-1_Assignments\m112\Assignment-1\Student.java:37:5: Missing a Javadoc comment. [JavadocMethod]
[ERROR] D:\20186064-ADS_1\ADS-1_Assignments\m112\Assignment-1\Student.java:42:5: Class 'Student' looks like designed for extension (can be subclassed), but the method 'compareTo' does not have javadoc that explains how to do that safely. If class is not designed for extension consider making the class 'Student' final or making the method 'compareTo' static/final/abstract/empty, or adding allowed annotation for the method. [DesignForExtension]
[ERROR] D:\20186064-ADS_1\ADS-1_Assignments\m112\Assignment-1\Student.java:42:5: Missing a Javadoc comment. [JavadocMethod]
[ERROR] D:\20186064-ADS_1\ADS-1_Assignments\m112\Assignment-1\Student.java:42:26: Parameter std should be final. [FinalParameters]
[ERROR] D:\20186064-ADS_1\ADS-1_Assignments\m112\Assignment-1\Student.java:42:38: '{' is not preceded with whitespace. [WhitespaceAround]
[ERROR] D:\20186064-ADS_1\ADS-1_Assignments\m112\Assignment-1\Student.java:43:11: 'if' is not followed by whitespace. [WhitespaceAround]
[ERROR] D:\20186064-ADS_1\ADS-1_Assignments\m112\Assignment-1\Student.java:43:45: '{' is not preceded with whitespace. [WhitespaceAround]
[ERROR] D:\20186064-ADS_1\ADS-1_Assignments\m112\Assignment-1\Student.java:45:10: 'else' is not preceded with whitespace. [WhitespaceAround]
[ERROR] D:\20186064-ADS_1\ADS-1_Assignments\m112\Assignment-1\Student.java:45:10: '}' is not followed by whitespace. [WhitespaceAround]
[ERROR] D:\20186064-ADS_1\ADS-1_Assignments\m112\Assignment-1\Student.java:45:17: 'if' is not followed by whitespace. [WhitespaceAround]
[ERROR] D:\20186064-ADS_1\ADS-1_Assignments\m112\Assignment-1\Student.java:45:47: '{' is not preceded with whitespace. [WhitespaceAround]
[ERROR] D:\20186064-ADS_1\ADS-1_Assignments\m112\Assignment-1\Student.java:47:10: 'else' is not preceded with whitespace. [WhitespaceAround]
[ERROR] D:\20186064-ADS_1\ADS-1_Assignments\m112\Assignment-1\Student.java:47:10: '}' is not followed by whitespace. [WhitespaceAround]
[ERROR] D:\20186064-ADS_1\ADS-1_Assignments\m112\Assignment-1\Student.java:47:17: 'if' is not followed by whitespace. [WhitespaceAround]
[ERROR] D:\20186064-ADS_1\ADS-1_Assignments\m112\Assignment-1\Student.java:47:47: '{' is not preceded with whitespace. [WhitespaceAround]
[ERROR] D:\20186064-ADS_1\ADS-1_Assignments\m112\Assignment-1\Student.java:55:9: '}' at column 9 should be alone on a line. [RightCurly]
[ERROR] D:\20186064-ADS_1\ADS-1_Assignments\m112\Assignment-1\Student.java:55:10: 'return' is not preceded with whitespace. [WhitespaceAround]
[ERROR] D:\20186064-ADS_1\ADS-1_Assignments\m112\Assignment-1\Student.java:55:10: '}' is not followed by whitespace. [WhitespaceAround]
Audit done.
Checkstyle ends with 57 errors.
