Starting audit...
[ERROR] D:\20186064-ADS_1\ADS-1_Assignments\remedial\Exam question\Exam question\Queue.java:0: File does not end with a newline. [NewlineAtEndOfFile]
[ERROR] D:\20186064-ADS_1\ADS-1_Assignments\remedial\Exam question\Exam question\Queue.java:5: Missing a Javadoc comment. [JavadocType]
[ERROR] D:\20186064-ADS_1\ADS-1_Assignments\remedial\Exam question\Exam question\Queue.java:6:5: Missing a Javadoc comment. [JavadocVariable]
[ERROR] D:\20186064-ADS_1\ADS-1_Assignments\remedial\Exam question\Exam question\Queue.java:7:5: Missing a Javadoc comment. [JavadocVariable]
[ERROR] D:\20186064-ADS_1\ADS-1_Assignments\remedial\Exam question\Exam question\Queue.java:8:5: Missing a Javadoc comment. [JavadocVariable]
[ERROR] D:\20186064-ADS_1\ADS-1_Assignments\remedial\Exam question\Exam question\Queue.java:11: Missing a Javadoc comment. [JavadocType]
[ERROR] D:\20186064-ADS_1\ADS-1_Assignments\remedial\Exam question\Exam question\Queue.java:12:9: Missing a Javadoc comment. [JavadocVariable]
[ERROR] D:\20186064-ADS_1\ADS-1_Assignments\remedial\Exam question\Exam question\Queue.java:13:9: Missing a Javadoc comment. [JavadocVariable]
[ERROR] D:\20186064-ADS_1\ADS-1_Assignments\remedial\Exam question\Exam question\Queue.java:50: 'if' construct must use '{}'s. [NeedBraces]
[ERROR] D:\20186064-ADS_1\ADS-1_Assignments\remedial\Exam question\Exam question\Queue.java:59:25: Parameter item should be final. [FinalParameters]
[ERROR] D:\20186064-ADS_1\ADS-1_Assignments\remedial\Exam question\Exam question\Queue.java:64: 'if' construct must use '{}'s. [NeedBraces]
[ERROR] D:\20186064-ADS_1\ADS-1_Assignments\remedial\Exam question\Exam question\Queue.java:65: 'else' construct must use '{}'s. [NeedBraces]
[ERROR] D:\20186064-ADS_1\ADS-1_Assignments\remedial\Exam question\Exam question\Queue.java:76: 'if' construct must use '{}'s. [NeedBraces]
[ERROR] D:\20186064-ADS_1\ADS-1_Assignments\remedial\Exam question\Exam question\Queue.java:80: 'if' construct must use '{}'s. [NeedBraces]
[ERROR] D:\20186064-ADS_1\ADS-1_Assignments\remedial\Exam question\Exam question\Queue.java:96: Line has trailing spaces. [RegexpSingleline]
[ERROR] D:\20186064-ADS_1\ADS-1_Assignments\remedial\Exam question\Exam question\Queue.java:99: Line is longer than 80 characters (found 84). [LineLength]
[ERROR] D:\20186064-ADS_1\ADS-1_Assignments\remedial\Exam question\Exam question\Queue.java:101: Line is longer than 80 characters (found 83). [LineLength]
[ERROR] D:\20186064-ADS_1\ADS-1_Assignments\remedial\Exam question\Exam question\Queue.java:104: Line has trailing spaces. [RegexpSingleline]
[ERROR] D:\20186064-ADS_1\ADS-1_Assignments\remedial\Exam question\Exam question\Queue.java:108: Missing a Javadoc comment. [JavadocType]
[ERROR] D:\20186064-ADS_1\ADS-1_Assignments\remedial\Exam question\Exam question\Queue.java:109:9: Missing a Javadoc comment. [JavadocVariable]
[ERROR] D:\20186064-ADS_1\ADS-1_Assignments\remedial\Exam question\Exam question\Queue.java:111:9: Missing a Javadoc comment. [JavadocMethod]
[ERROR] D:\20186064-ADS_1\ADS-1_Assignments\remedial\Exam question\Exam question\Queue.java:111:9: Redundant 'public' modifier. [RedundantModifier]
[ERROR] D:\20186064-ADS_1\ADS-1_Assignments\remedial\Exam question\Exam question\Queue.java:111:29: Parameter first should be final. [FinalParameters]
[ERROR] D:\20186064-ADS_1\ADS-1_Assignments\remedial\Exam question\Exam question\Queue.java:111:40: 'first' hides a field. [HiddenField]
[ERROR] D:\20186064-ADS_1\ADS-1_Assignments\remedial\Exam question\Exam question\Queue.java:115: Line is longer than 80 characters (found 81). [LineLength]
[ERROR] D:\20186064-ADS_1\ADS-1_Assignments\remedial\Exam question\Exam question\Queue.java:115:35: '{' at column 35 should have line break after. [LeftCurly]
[ERROR] D:\20186064-ADS_1\ADS-1_Assignments\remedial\Exam question\Exam question\Queue.java:116: Line is longer than 80 characters (found 81). [LineLength]
[ERROR] D:\20186064-ADS_1\ADS-1_Assignments\remedial\Exam question\Exam question\Queue.java:116:35: '{' at column 35 should have line break after. [LeftCurly]
[ERROR] D:\20186064-ADS_1\ADS-1_Assignments\remedial\Exam question\Exam question\Queue.java:118:9: Missing a Javadoc comment. [JavadocMethod]
[ERROR] D:\20186064-ADS_1\ADS-1_Assignments\remedial\Exam question\Exam question\Queue.java:119: 'if' construct must use '{}'s. [NeedBraces]
[ERROR] D:\20186064-ADS_1\ADS-1_Assignments\remedial\Exam question\Exam question\Queue.java:121: Line has trailing spaces. [RegexpSingleline]
Audit done.
Checkstyle ends with 31 errors.
Starting audit...
[ERROR] D:\20186064-ADS_1\ADS-1_Assignments\remedial\Exam question\Exam question\SequentialSearchST.java:1: Missing a Javadoc comment. [JavadocType]
[ERROR] D:\20186064-ADS_1\ADS-1_Assignments\remedial\Exam question\Exam question\SequentialSearchST.java:2:5: Missing a Javadoc comment. [JavadocVariable]
[ERROR] D:\20186064-ADS_1\ADS-1_Assignments\remedial\Exam question\Exam question\SequentialSearchST.java:3:5: Missing a Javadoc comment. [JavadocVariable]
[ERROR] D:\20186064-ADS_1\ADS-1_Assignments\remedial\Exam question\Exam question\SequentialSearchST.java:6: Missing a Javadoc comment. [JavadocType]
[ERROR] D:\20186064-ADS_1\ADS-1_Assignments\remedial\Exam question\Exam question\SequentialSearchST.java:7:9: Missing a Javadoc comment. [JavadocVariable]
[ERROR] D:\20186064-ADS_1\ADS-1_Assignments\remedial\Exam question\Exam question\SequentialSearchST.java:8:9: Missing a Javadoc comment. [JavadocVariable]
[ERROR] D:\20186064-ADS_1\ADS-1_Assignments\remedial\Exam question\Exam question\SequentialSearchST.java:9:9: Missing a Javadoc comment. [JavadocVariable]
[ERROR] D:\20186064-ADS_1\ADS-1_Assignments\remedial\Exam question\Exam question\SequentialSearchST.java:11:9: Missing a Javadoc comment. [JavadocMethod]
[ERROR] D:\20186064-ADS_1\ADS-1_Assignments\remedial\Exam question\Exam question\SequentialSearchST.java:11:9: Redundant 'public' modifier. [RedundantModifier]
[ERROR] D:\20186064-ADS_1\ADS-1_Assignments\remedial\Exam question\Exam question\SequentialSearchST.java:11:21: Parameter key should be final. [FinalParameters]
[ERROR] D:\20186064-ADS_1\ADS-1_Assignments\remedial\Exam question\Exam question\SequentialSearchST.java:11:25: 'key' hides a field. [HiddenField]
[ERROR] D:\20186064-ADS_1\ADS-1_Assignments\remedial\Exam question\Exam question\SequentialSearchST.java:11:30: Parameter val should be final. [FinalParameters]
[ERROR] D:\20186064-ADS_1\ADS-1_Assignments\remedial\Exam question\Exam question\SequentialSearchST.java:11:36: 'val' hides a field. [HiddenField]
[ERROR] D:\20186064-ADS_1\ADS-1_Assignments\remedial\Exam question\Exam question\SequentialSearchST.java:11:41: Parameter next should be final. [FinalParameters]
[ERROR] D:\20186064-ADS_1\ADS-1_Assignments\remedial\Exam question\Exam question\SequentialSearchST.java:11:46: 'next' hides a field. [HiddenField]
[ERROR] D:\20186064-ADS_1\ADS-1_Assignments\remedial\Exam question\Exam question\SequentialSearchST.java:51:29: Parameter key should be final. [FinalParameters]
[ERROR] D:\20186064-ADS_1\ADS-1_Assignments\remedial\Exam question\Exam question\SequentialSearchST.java:52: 'if' construct must use '{}'s. [NeedBraces]
[ERROR] D:\20186064-ADS_1\ADS-1_Assignments\remedial\Exam question\Exam question\SequentialSearchST.java:52: Line is longer than 80 characters (found 94). [LineLength]
[ERROR] D:\20186064-ADS_1\ADS-1_Assignments\remedial\Exam question\Exam question\SequentialSearchST.java:60: Line is longer than 80 characters (found 88). [LineLength]
[ERROR] D:\20186064-ADS_1\ADS-1_Assignments\remedial\Exam question\Exam question\SequentialSearchST.java:64:22: Parameter key should be final. [FinalParameters]
[ERROR] D:\20186064-ADS_1\ADS-1_Assignments\remedial\Exam question\Exam question\SequentialSearchST.java:65: 'if' construct must use '{}'s. [NeedBraces]
[ERROR] D:\20186064-ADS_1\ADS-1_Assignments\remedial\Exam question\Exam question\SequentialSearchST.java:65: Line has trailing spaces. [RegexpSingleline]
[ERROR] D:\20186064-ADS_1\ADS-1_Assignments\remedial\Exam question\Exam question\SequentialSearchST.java:65: Line is longer than 80 characters (found 90). [LineLength]
[ERROR] D:\20186064-ADS_1\ADS-1_Assignments\remedial\Exam question\Exam question\SequentialSearchST.java:67: 'if' construct must use '{}'s. [NeedBraces]
[ERROR] D:\20186064-ADS_1\ADS-1_Assignments\remedial\Exam question\Exam question\SequentialSearchST.java:74: Line has trailing spaces. [RegexpSingleline]
[ERROR] D:\20186064-ADS_1\ADS-1_Assignments\remedial\Exam question\Exam question\SequentialSearchST.java:74: Line is longer than 80 characters (found 87). [LineLength]
[ERROR] D:\20186064-ADS_1\ADS-1_Assignments\remedial\Exam question\Exam question\SequentialSearchST.java:75: Line is longer than 80 characters (found 87). [LineLength]
[ERROR] D:\20186064-ADS_1\ADS-1_Assignments\remedial\Exam question\Exam question\SequentialSearchST.java:76: Line is longer than 80 characters (found 82). [LineLength]
[ERROR] D:\20186064-ADS_1\ADS-1_Assignments\remedial\Exam question\Exam question\SequentialSearchST.java:83:21: Parameter key should be final. [FinalParameters]
[ERROR] D:\20186064-ADS_1\ADS-1_Assignments\remedial\Exam question\Exam question\SequentialSearchST.java:83:30: Parameter val should be final. [FinalParameters]
[ERROR] D:\20186064-ADS_1\ADS-1_Assignments\remedial\Exam question\Exam question\SequentialSearchST.java:84: 'if' construct must use '{}'s. [NeedBraces]
[ERROR] D:\20186064-ADS_1\ADS-1_Assignments\remedial\Exam question\Exam question\SequentialSearchST.java:84: Line has trailing spaces. [RegexpSingleline]
[ERROR] D:\20186064-ADS_1\ADS-1_Assignments\remedial\Exam question\Exam question\SequentialSearchST.java:84: Line is longer than 80 characters (found 96). [LineLength]
[ERROR] D:\20186064-ADS_1\ADS-1_Assignments\remedial\Exam question\Exam question\SequentialSearchST.java:101: Line has trailing spaces. [RegexpSingleline]
[ERROR] D:\20186064-ADS_1\ADS-1_Assignments\remedial\Exam question\Exam question\SequentialSearchST.java:101: Line is longer than 80 characters (found 85). [LineLength]
[ERROR] D:\20186064-ADS_1\ADS-1_Assignments\remedial\Exam question\Exam question\SequentialSearchST.java:102: Line has trailing spaces. [RegexpSingleline]
[ERROR] D:\20186064-ADS_1\ADS-1_Assignments\remedial\Exam question\Exam question\SequentialSearchST.java:107:24: Parameter key should be final. [FinalParameters]
[ERROR] D:\20186064-ADS_1\ADS-1_Assignments\remedial\Exam question\Exam question\SequentialSearchST.java:108: 'if' construct must use '{}'s. [NeedBraces]
[ERROR] D:\20186064-ADS_1\ADS-1_Assignments\remedial\Exam question\Exam question\SequentialSearchST.java:108: Line has trailing spaces. [RegexpSingleline]
[ERROR] D:\20186064-ADS_1\ADS-1_Assignments\remedial\Exam question\Exam question\SequentialSearchST.java:108: Line is longer than 80 characters (found 93). [LineLength]
[ERROR] D:\20186064-ADS_1\ADS-1_Assignments\remedial\Exam question\Exam question\SequentialSearchST.java:114:5: Missing a Javadoc comment. [JavadocMethod]
[ERROR] D:\20186064-ADS_1\ADS-1_Assignments\remedial\Exam question\Exam question\SequentialSearchST.java:114:25: Parameter x should be final. [FinalParameters]
[ERROR] D:\20186064-ADS_1\ADS-1_Assignments\remedial\Exam question\Exam question\SequentialSearchST.java:114:33: Parameter key should be final. [FinalParameters]
[ERROR] D:\20186064-ADS_1\ADS-1_Assignments\remedial\Exam question\Exam question\SequentialSearchST.java:115: 'if' construct must use '{}'s. [NeedBraces]
[ERROR] D:\20186064-ADS_1\ADS-1_Assignments\remedial\Exam question\Exam question\SequentialSearchST.java:134: 'for' construct must use '{}'s. [NeedBraces]
Audit done.
Checkstyle ends with 45 errors.
Starting audit...
[ERROR] D:\20186064-ADS_1\ADS-1_Assignments\remedial\Exam question\Exam question\Solution.java:0: File does not end with a newline. [NewlineAtEndOfFile]
[ERROR] D:\20186064-ADS_1\ADS-1_Assignments\remedial\Exam question\Exam question\Solution.java:1: Using the '.*' form of import should be avoided - java.util.*. [AvoidStarImport]
[ERROR] D:\20186064-ADS_1\ADS-1_Assignments\remedial\Exam question\Exam question\Solution.java:2:8: Unused import - java.util.Arrays. [UnusedImports]
[ERROR] D:\20186064-ADS_1\ADS-1_Assignments\remedial\Exam question\Exam question\Solution.java:5:8: Unused import - java.io.FileReader. [UnusedImports]
[ERROR] D:\20186064-ADS_1\ADS-1_Assignments\remedial\Exam question\Exam question\Solution.java:8: Missing a Javadoc comment. [JavadocType]
[ERROR] D:\20186064-ADS_1\ADS-1_Assignments\remedial\Exam question\Exam question\Solution.java:8:1: Utility classes should not have a public or default constructor. [HideUtilityClassConstructor]
[ERROR] D:\20186064-ADS_1\ADS-1_Assignments\remedial\Exam question\Exam question\Solution.java:9:1: File contains tab characters (this is the first instance). [FileTabCharacter]
[ERROR] D:\20186064-ADS_1\ADS-1_Assignments\remedial\Exam question\Exam question\Solution.java:9:9: Missing a Javadoc comment. [JavadocMethod]
[ERROR] D:\20186064-ADS_1\ADS-1_Assignments\remedial\Exam question\Exam question\Solution.java:9:33: Parameter args should be final. [FinalParameters]
[ERROR] D:\20186064-ADS_1\ADS-1_Assignments\remedial\Exam question\Exam question\Solution.java:11: Line has trailing spaces. [RegexpSingleline]
[ERROR] D:\20186064-ADS_1\ADS-1_Assignments\remedial\Exam question\Exam question\Solution.java:17: Line is longer than 80 characters (found 118). [LineLength]
[ERROR] D:\20186064-ADS_1\ADS-1_Assignments\remedial\Exam question\Exam question\Solution.java:20:27: Parameter dir should be final. [FinalParameters]
[ERROR] D:\20186064-ADS_1\ADS-1_Assignments\remedial\Exam question\Exam question\Solution.java:20:37: Parameter name should be final. [FinalParameters]
[ERROR] D:\20186064-ADS_1\ADS-1_Assignments\remedial\Exam question\Exam question\Solution.java:27:34: '=' is not preceded with whitespace. [WhitespaceAround]
[ERROR] D:\20186064-ADS_1\ADS-1_Assignments\remedial\Exam question\Exam question\Solution.java:31: 'while' construct must use '{}'s. [NeedBraces]
[ERROR] D:\20186064-ADS_1\ADS-1_Assignments\remedial\Exam question\Exam question\Solution.java:31: Line has trailing spaces. [RegexpSingleline]
[ERROR] D:\20186064-ADS_1\ADS-1_Assignments\remedial\Exam question\Exam question\Solution.java:35: Line has trailing spaces. [RegexpSingleline]
[ERROR] D:\20186064-ADS_1\ADS-1_Assignments\remedial\Exam question\Exam question\Solution.java:36:32: Name 'Name' must match pattern '^[a-z][a-zA-Z0-9]*$'. [LocalVariableName]
[ERROR] D:\20186064-ADS_1\ADS-1_Assignments\remedial\Exam question\Exam question\Solution.java:40:39: '=' is not preceded with whitespace. [WhitespaceAround]
[ERROR] D:\20186064-ADS_1\ADS-1_Assignments\remedial\Exam question\Exam question\Solution.java:40:40: '=' is not followed by whitespace. [WhitespaceAround]
[ERROR] D:\20186064-ADS_1\ADS-1_Assignments\remedial\Exam question\Exam question\Solution.java:40:42: ';' is not followed by whitespace. [WhitespaceAfter]
[ERROR] D:\20186064-ADS_1\ADS-1_Assignments\remedial\Exam question\Exam question\Solution.java:40:43: '<' is not preceded with whitespace. [WhitespaceAround]
[ERROR] D:\20186064-ADS_1\ADS-1_Assignments\remedial\Exam question\Exam question\Solution.java:40:44: '<' is not followed by whitespace. [WhitespaceAround]
[ERROR] D:\20186064-ADS_1\ADS-1_Assignments\remedial\Exam question\Exam question\Solution.java:40:56: ';' is not followed by whitespace. [WhitespaceAfter]
[ERROR] D:\20186064-ADS_1\ADS-1_Assignments\remedial\Exam question\Exam question\Solution.java:49: Line has trailing spaces. [RegexpSingleline]
[ERROR] D:\20186064-ADS_1\ADS-1_Assignments\remedial\Exam question\Exam question\Solution.java:50:61: '+' is not preceded with whitespace. [WhitespaceAround]
[ERROR] D:\20186064-ADS_1\ADS-1_Assignments\remedial\Exam question\Exam question\Solution.java:50:62: '+' is not followed by whitespace. [WhitespaceAround]
[ERROR] D:\20186064-ADS_1\ADS-1_Assignments\remedial\Exam question\Exam question\Solution.java:50:68: '+' is not followed by whitespace. [WhitespaceAround]
[ERROR] D:\20186064-ADS_1\ADS-1_Assignments\remedial\Exam question\Exam question\Solution.java:52: Line has trailing spaces. [RegexpSingleline]
[ERROR] D:\20186064-ADS_1\ADS-1_Assignments\remedial\Exam question\Exam question\Solution.java:53: Line has trailing spaces. [RegexpSingleline]
[ERROR] D:\20186064-ADS_1\ADS-1_Assignments\remedial\Exam question\Exam question\Solution.java:55: Line has trailing spaces. [RegexpSingleline]
[ERROR] D:\20186064-ADS_1\ADS-1_Assignments\remedial\Exam question\Exam question\Solution.java:57: Line has trailing spaces. [RegexpSingleline]
[ERROR] D:\20186064-ADS_1\ADS-1_Assignments\remedial\Exam question\Exam question\Solution.java:58:9: '}' at column 2 should be on the same line as the next part of a multi-block statement (one that directly contains multiple blocks: if/else-if/else, do/while or try/catch/finally). [RightCurly]
[ERROR] D:\20186064-ADS_1\ADS-1_Assignments\remedial\Exam question\Exam question\Solution.java:60:22: 'catch' is not followed by whitespace. [WhitespaceAround]
[ERROR] D:\20186064-ADS_1\ADS-1_Assignments\remedial\Exam question\Exam question\Solution.java:60:23: '(' is followed by whitespace. [ParenPad]
[ERROR] D:\20186064-ADS_1\ADS-1_Assignments\remedial\Exam question\Exam question\Solution.java:64: Line has trailing spaces. [RegexpSingleline]
Audit done.
Checkstyle ends with 36 errors.
